\BOOKMARK [1][-]{section.1}{El Juego}{}% 1
\BOOKMARK [2][-]{subsection.1.1}{Descripci\363n}{section.1}% 2
\BOOKMARK [1][-]{section.2}{Jugador \323ptimo}{}% 3
\BOOKMARK [2][-]{subsection.2.1}{El algoritmo}{section.2}% 4
\BOOKMARK [3][-]{subsubsection.2.1.1}{El Pseudoc\363digo}{subsection.2.1}% 5
\BOOKMARK [2][-]{subsection.2.2}{Poda \040- }{section.2}% 6
\BOOKMARK [3][-]{subsubsection.2.2.1}{Pseudoc\363digo}{subsection.2.2}% 7
\BOOKMARK [2][-]{subsection.2.3}{Complejidad}{section.2}% 8
\BOOKMARK [2][-]{subsection.2.4}{Experimentaci\363n}{section.2}% 9
\BOOKMARK [3][-]{subsubsection.2.4.1}{Contexto}{subsection.2.4}% 10
\BOOKMARK [3][-]{subsubsection.2.4.2}{Sin poda}{subsection.2.4}% 11
\BOOKMARK [3][-]{subsubsection.2.4.3}{Con poda}{subsection.2.4}% 12
\BOOKMARK [1][-]{section.3}{Jugador parametrizable}{}% 13
\BOOKMARK [2][-]{subsection.3.1}{El algoritmo}{section.3}% 14
\BOOKMARK [3][-]{subsubsection.3.1.1}{El Pseudoc\363digo}{subsection.3.1}% 15
\BOOKMARK [2][-]{subsection.3.2}{Complejidad}{section.3}% 16
\BOOKMARK [2][-]{subsection.3.3}{Experimentaci\363n}{section.3}% 17
\BOOKMARK [1][-]{section.4}{Grid Search}{}% 18
\BOOKMARK [2][-]{subsection.4.1}{El algoritmo}{section.4}% 19
\BOOKMARK [3][-]{subsubsection.4.1.1}{El Pseudoc\363digo}{subsection.4.1}% 20
\BOOKMARK [2][-]{subsection.4.2}{Experimentacion}{section.4}% 21
\BOOKMARK [3][-]{subsubsection.4.2.1}{Primera exploraci\363n}{subsection.4.2}% 22
\BOOKMARK [3][-]{subsubsection.4.2.2}{Modificaciones}{subsection.4.2}% 23
\BOOKMARK [3][-]{subsubsection.4.2.3}{Grid recomendado}{subsection.4.2}% 24
\BOOKMARK [3][-]{subsubsection.4.2.4}{Redefinici\363n de mejorar}{subsection.4.2}% 25
\BOOKMARK [1][-]{section.5}{Algoritmo Gen\351tico}{}% 26
\BOOKMARK [2][-]{subsubsection.5.0.1}{El Pseudoc\363digo}{section.5}% 27
\BOOKMARK [2][-]{subsection.5.1}{El algoritmo}{section.5}% 28
\BOOKMARK [2][-]{subsection.5.2}{Experimentacion}{section.5}% 29
\BOOKMARK [3][-]{subsubsection.5.2.1}{Funciones del Algoritmo Gen\351tico}{subsection.5.2}% 30
\BOOKMARK [3][-]{subsubsection.5.2.2}{Jugadores}{subsection.5.2}% 31
\BOOKMARK [1][-]{section.6}{An\341lisis comparativo con paper}{}% 32
\BOOKMARK [1][-]{section.7}{Conclusiones}{}% 33
